Log file open, 05/24/17 15:49:55
LogInit:Display: Running engine for game: TimelessOcarina
LogPlatformFile: Not using cached read wrapper
LogInit:Display: RandInit(541666954) SRandInit(541666954).
LogTaskGraph: Started task graph with 5 named threads and 8 total threads with 1 sets of task threads.
LogStats: Stats thread started at 0.077015
LogInit: Using libcurl 7.47.1
LogInit:  - built for x86_64-pc-win32
LogInit:  - supports SSL with OpenSSL/1.0.2g
LogInit:  - supports HTTP deflate (compression) using libz 1.2.8
LogInit:  - other features:
LogInit:      CURL_VERSION_SSL
LogInit:      CURL_VERSION_LIBZ
LogInit:      CURL_VERSION_IPV6
LogInit:      CURL_VERSION_ASYNCHDNS
LogInit:      CURL_VERSION_LARGEFILE
LogInit:      CURL_VERSION_IDN
LogInit:  CurlRequestOptions (configurable via config and command line):
LogInit:  - bVerifyPeer = false  - Libcurl will NOT verify peer certificate
LogInit:  - bUseHttpProxy = false  - Libcurl will NOT use HTTP proxy
LogInit:  - bDontReuseConnections = false  - Libcurl will reuse connections
LogInit:  - CertBundlePath = nullptr  - Libcurl will use whatever was configured at build time.
LogInit: Build: ++UE4+Release-4.15-CL-3450819
LogInit: Engine Version: 4.15.3-3450819+++UE4+Release-4.15
LogInit: Compatible Engine Version: 4.15.0-3299760+++UE4+Release-4.15
LogInit: Net CL: 3299760
LogDevObjectVersion: Number of dev versions registered: 14
LogDevObjectVersion:   Dev-Blueprints (B0D832E4-1F89-4F0D-ACCF-7EB736FD4AA2): 8
LogDevObjectVersion:   Dev-Build (E1C64328-A22C-4D53-A36C-8E866417BD8C): 0
LogDevObjectVersion:   Dev-Core (375EC13C-06E4-48FB-B500-84F0262A717E): 2
LogDevObjectVersion:   Dev-Editor (E4B068ED-F494-42E9-A231-DA0B2E46BB41): 14
LogDevObjectVersion:   Dev-Framework (CFFC743F-43B0-4480-9391-14DF171D2073): 22
LogDevObjectVersion:   Dev-Mobile (B02B49B5-BB20-44E9-A304-32B752E40360): 0
LogDevObjectVersion:   Dev-Networking (A4E4105C-59A1-49B5-A7C5-40C4547EDFEE): 0
LogDevObjectVersion:   Dev-Online (39C831C9-5AE6-47DC-9A44-9C173E1C8E7C): 0
LogDevObjectVersion:   Dev-Physics (78F01B33-EBEA-4F98-B9B4-84EACCB95AA2): 0
LogDevObjectVersion:   Dev-Platform (6631380F-2D4D-43E0-8009-CF276956A95A): 0
LogDevObjectVersion:   Dev-Rendering (12F88B9F-8875-4AFC-A67C-D90C383ABD29): 12
LogDevObjectVersion:   Dev-Sequencer (7B5AE74C-D270-4C10-A958-57980B212A5A): 3
LogDevObjectVersion:   Dev-VR (D7296918-1DD6-4BDD-9DE2-64A83CC13884): 0
LogDevObjectVersion:   Dev-LoadTimes (C2A15278-BFE7-4AFE-6C17-90FF531DF755): 1
LogInit: Compiled (64-bit): May 21 2017 11:02:34
LogInit: Compiled with Visual C++: 19.00.23026.00
LogInit: Build Configuration: Development
LogInit: Branch Name: ++UE4+Release-4.15
LogInit: Command line: 
LogInit: Base directory: D:/Program FIles (x86)/Epic Games/UE_4.15/Engine/Binaries/Win64/
LogInit: Installed Engine Build: 1
LogInit: Presizing for max 8388607 objects, including 0 objects not considered by GC, pre-allocating 0 bytes for permanent pool.
LogInit: Object subsystem initialized
[2017.05.24-20.49.56:741][  0]LogInit: Selected Device Profile: [Windows]
[2017.05.24-20.49.56:741][  0]LogInit: Applying CVar settings loaded from the selected device profile: [Windows]
[2017.05.24-20.49.56:749][  0]LogInit: Computer: ACER
[2017.05.24-20.49.56:749][  0]LogInit: User: Shahid
[2017.05.24-20.49.56:749][  0]LogInit: CPU Page size=65536, Cores=4
[2017.05.24-20.49.56:749][  0]LogInit: High frequency timer resolution =2.533209 MHz
[2017.05.24-20.49.56:749][  0]LogMemory: Memory total: Physical=15.9GB (16GB approx)
[2017.05.24-20.49.56:749][  0]LogMemory: Platform Memory Stats for Windows
[2017.05.24-20.49.56:749][  0]LogMemory: Process Physical Memory: 265.09 MB used, 265.09 MB peak
[2017.05.24-20.49.56:749][  0]LogMemory: Process Virtual Memory: 263.01 MB used, 263.01 MB peak
[2017.05.24-20.49.56:749][  0]LogMemory: Physical Memory: 5471.59 MB used,  10835.68 MB free, 16307.27 MB total
[2017.05.24-20.49.56:749][  0]LogMemory: Virtual Memory: 645.48 MB used,  10835.68 MB free, 134217728.00 MB total
[2017.05.24-20.49.56:821][  0]LogTextLocalizationManager: No specific translations for ('en-US') exist, so ('en') translations will be used.
[2017.05.24-20.49.57:430][  0]LogD3D11RHI: D3D11 adapters:
[2017.05.24-20.49.57:463][  0]LogD3D11RHI:    0. 'NVIDIA GeForce GTX 960M' (Feature Level 11_0)
[2017.05.24-20.49.57:463][  0]LogD3D11RHI:       4065/0/8153 MB DedicatedVideo/DedicatedSystem/SharedSystem, Outputs:1, VendorId:0x10de
[2017.05.24-20.49.57:470][  0]LogD3D11RHI:    1. 'Intel(R) HD Graphics 4600' (Feature Level 11_0)
[2017.05.24-20.49.57:470][  0]LogD3D11RHI:       112/0/2048 MB DedicatedVideo/DedicatedSystem/SharedSystem, Outputs:0, VendorId:0x8086
[2017.05.24-20.49.57:472][  0]LogD3D11RHI:    2. 'Microsoft Basic Render Driver' (Feature Level 11_0)
[2017.05.24-20.49.57:472][  0]LogD3D11RHI:       0/0/8153 MB DedicatedVideo/DedicatedSystem/SharedSystem, Outputs:0, VendorId:0x1414
[2017.05.24-20.49.57:472][  0]LogD3D11RHI: Chosen D3D11 Adapter: 0
[2017.05.24-20.49.57:478][  0]LogD3D11RHI: Creating new Direct3DDevice
[2017.05.24-20.49.57:478][  0]LogD3D11RHI:     GPU DeviceId: 0x139b (for the marketing name, search the web for "GPU Device Id")
[2017.05.24-20.49.57:478][  0]LogWindows: EnumDisplayDevices:
[2017.05.24-20.49.57:478][  0]LogWindows:    0. 'Intel(R) HD Graphics 4600' (P:1 D:1)
[2017.05.24-20.49.57:478][  0]LogWindows:    1. 'Intel(R) HD Graphics 4600' (P:0 D:0)
[2017.05.24-20.49.57:479][  0]LogWindows:    2. 'Intel(R) HD Graphics 4600' (P:0 D:0)
[2017.05.24-20.49.57:479][  0]LogWindows: DebugString: PrimaryIsNotTheChoosenAdapter PrimaryIsNotTheChoosenAdapter PrimaryIsNotTheChoosenAdapter FoundDriverCount:0 
[2017.05.24-20.49.57:479][  0]LogD3D11RHI:     Adapter Name: NVIDIA GeForce GTX 960M
[2017.05.24-20.49.57:479][  0]LogD3D11RHI:   Driver Version: Unknown (internal:Unknown, unified:Unknown)
[2017.05.24-20.49.57:479][  0]LogD3D11RHI:      Driver Date: Unknown
[2017.05.24-20.49.57:479][  0]LogRHI: Texture pool is 1361 MB (70% of 1945 MB)
[2017.05.24-20.49.57:506][  0]LogD3D11RHI: Async texture creation enabled
[2017.05.24-20.49.57:516][  0]LogD3D11RHI: GPU Timing Frequency: 1000.000000 (Debug: 2 1)
[2017.05.24-20.49.57:517][  0]LogShaderCompilers: Guid format shader working directory is -43 characters bigger than the processId version (../../../../../../Users/Acer-PC/Libraries/Documents/GitHub/TimelessOcarina/TimelessOcarina/Intermediate/Shaders/WorkingDirectory/5884/).
[2017.05.24-20.49.57:517][  0]LogShaderCompilers: Cleaned the shader compiler working directory 'C:/Users/Shahid/AppData/Local/Temp/UnrealShaderWorkingDir/E5F5C55843B36780D6981FB5B9B662D7/'.
[2017.05.24-20.49.57:517][  0]LogShaderCompilers:Display: Using Local Shader Compiler.
[2017.05.24-20.49.58:631][  0]LogTemp:Display: Loaded TP AllDesktopTargetPlatform
[2017.05.24-20.49.58:672][  0]LogTemp:Display: Loaded TP MacClientTargetPlatform
[2017.05.24-20.49.58:713][  0]LogTemp:Display: Loaded TP MacNoEditorTargetPlatform
[2017.05.24-20.49.58:753][  0]LogTemp:Display: Loaded TP MacServerTargetPlatform
[2017.05.24-20.49.58:797][  0]LogTemp:Display: Loaded TP MacTargetPlatform
[2017.05.24-20.49.58:838][  0]LogTemp:Display: Loaded TP WindowsClientTargetPlatform
[2017.05.24-20.49.58:879][  0]LogTemp:Display: Loaded TP WindowsNoEditorTargetPlatform
[2017.05.24-20.49.58:922][  0]LogTemp:Display: Loaded TP WindowsServerTargetPlatform
[2017.05.24-20.49.58:954][  0]LogTemp:Display: Loaded TP WindowsTargetPlatform
[2017.05.24-20.49.58:995][  0]LogTemp:Display: Loaded TP AndroidTargetPlatform
[2017.05.24-20.49.59:035][  0]LogTemp:Display: Loaded TP Android_ASTCTargetPlatform
[2017.05.24-20.49.59:074][  0]LogTemp:Display: Loaded TP Android_ATCTargetPlatform
[2017.05.24-20.49.59:114][  0]LogTemp:Display: Loaded TP Android_DXTTargetPlatform
[2017.05.24-20.49.59:153][  0]LogTemp:Display: Loaded TP Android_ETC1TargetPlatform
[2017.05.24-20.49.59:195][  0]LogTemp:Display: Loaded TP Android_ETC2TargetPlatform
[2017.05.24-20.49.59:275][  0]LogTemp:Display: Loaded TP Android_MultiTargetPlatform
[2017.05.24-20.49.59:275][  0]LogTemp:Display: Loaded TP Android_PVRTCTargetPlatform
[2017.05.24-20.49.59:301][  0]LogTemp:Display: Loaded TP HTML5TargetPlatform
[2017.05.24-20.49.59:380][  0]LogTemp:Display: Loaded TP IOSTargetPlatform
[2017.05.24-20.49.59:410][  0]LogTemp:Display: Loaded TP TVOSTargetPlatform
[2017.05.24-20.49.59:452][  0]LogTemp:Display: Loaded TP LinuxClientTargetPlatform
[2017.05.24-20.49.59:492][  0]LogTemp:Display: Loaded TP LinuxNoEditorTargetPlatform
[2017.05.24-20.49.59:532][  0]LogTemp:Display: Loaded TP LinuxServerTargetPlatform
[2017.05.24-20.49.59:573][  0]LogTemp:Display: Loaded TP LinuxTargetPlatform
[2017.05.24-20.49.59:573][  0]LogTargetPlatformManager:Display: Building Assets For Windows
[2017.05.24-20.49.59:903][  0]LogDerivedDataCache:Display: Max Cache Size: 512 MB
[2017.05.24-20.49.59:954][  0]LogDerivedDataCache: Loaded boot cache 0.05s 50MB C:/Users/Shahid/AppData/Local/UnrealEngine/4.15/DerivedDataCache/Boot.ddc.
[2017.05.24-20.49.59:954][  0]LogDerivedDataCache:Display: Loaded Boot cache: C:/Users/Shahid/AppData/Local/UnrealEngine/4.15/DerivedDataCache/Boot.ddc
[2017.05.24-20.49.59:954][  0]LogDerivedDataCache: FDerivedDataBackendGraph:  Pak pak cache file ../../../../../../Users/Acer-PC/Libraries/Documents/GitHub/TimelessOcarina/TimelessOcarina/DerivedDataCache/DDC.ddp not found, will not use a pak cache.
[2017.05.24-20.49.59:954][  0]LogDerivedDataCache: Unable to find inner node Pak for hierarchical cache Hierarchy.
[2017.05.24-20.49.59:954][  0]LogDerivedDataCache: FDerivedDataBackendGraph:  CompressedPak pak cache file ../../../../../../Users/Acer-PC/Libraries/Documents/GitHub/TimelessOcarina/TimelessOcarina/DerivedDataCache/Compressed.ddp not found, will not use a pak cache.
[2017.05.24-20.49.59:954][  0]LogDerivedDataCache: Unable to find inner node CompressedPak for hierarchical cache Hierarchy.
[2017.05.24-20.49.59:970][  0]LogDerivedDataCache:Display: Pak cache opened for reading ../../../Engine/DerivedDataCache/Compressed.ddp.
[2017.05.24-20.49.59:982][  0]LogDerivedDataCache: Using Local data cache path C:/Users/Shahid/AppData/Local/UnrealEngine/Common/DerivedDataCache: Writable
[2017.05.24-20.49.59:992][  0]LogSlate: Using Freetype 2.6.0
[2017.05.24-20.49.59:992][  0]LogSlate: SlateFontCache - WITH_FREETYPE: 1, WITH_HARFBUZZ: 1
[2017.05.24-20.49.59:992][  0]LogSlate: SlateFontCache - WITH_FREETYPE: 1, WITH_HARFBUZZ: 1
[2017.05.24-20.50.00:276][  0]LogInit: Selected Device Profile: [Windows]
[2017.05.24-20.50.00:279][  0]LogContentStreaming: Texture pool size is 0.00 MB
[2017.05.24-20.50.00:450][  0]LogMeshUtilities: Using QuadricMeshReduction for automatic static mesh reduction
[2017.05.24-20.50.00:480][  0]LogSimplygon: Simplygon DLL not present - disabling.
[2017.05.24-20.50.00:513][  0]LogMeshUtilities: Using SimplygonSwarm for distributed automatic mesh merging
[2017.05.24-20.50.00:513][  0]LogMeshUtilities: No automatic skeletal mesh reduction module available
[2017.05.24-20.50.00:513][  0]LogMeshUtilities: No automatic mesh merging module available
[2017.05.24-20.50.01:004][  0]LogNetVersion: GetLocalNetworkVersion: CL: 3299760, ProjectName: timelessocarina, ProjectVersion: , EngineNetworkVersion: 2, GameNetworkVersion: 0, NetworkChecksum: 1457002165
[2017.05.24-20.50.01:045][  0]LogAssetRegistry: FAssetRegistry took 0.0218 seconds to start up
[2017.05.24-20.50.01:093][  0]LogPackageLocalizationCache: Processed 3 localized package path(s) for 2 prioritized culture(s) in 0.029267 seconds
[2017.05.24-20.50.01:098][  0]LogUObjectArray: 32493 objects as part of root set at end of initial load.
[2017.05.24-20.50.01:098][  0]LogUObjectAllocator: 7077024 out of 0 bytes used by permanent object pool.
[2017.05.24-20.50.01:098][  0]LogUObjectArray: CloseDisregardForGC: 0/0 objects in disregard for GC pool
[2017.05.24-20.50.01:141][  0]LogInit: WinSock: version 1.1 (2.2), MaxSocks=32767, MaxUdp=65467
[2017.05.24-20.50.02:470][  0]LogSubstanceCoreModule: Substance [CPU] Engine Loaded, Max Texture Size = 2048
[2017.05.24-20.50.02:492][  0]LogTcpMessaging: Initializing TcpMessaging bridge
[2017.05.24-20.50.02:523][  0]LogUdpMessaging: Initializing bridge on interface 0.0.0.0:0 to multicast group 230.0.0.1:6666.
[2017.05.24-20.50.02:878][  0]LogMaterial: Uniform references updated for custom material expression Custom.
[2017.05.24-20.50.03:140][  0]SourceControl: Info Source control is disabled
[2017.05.24-20.50.03:189][  0]SourceControl: Info Source control is disabled
[2017.05.24-20.50.03:220][  0]SourceControl: Info Source control is disabled
[2017.05.24-20.50.03:253][  0]SourceControl: Info Source control is disabled
[2017.05.24-20.50.04:233][  0]LogEngine: Initializing Engine...
[2017.05.24-20.50.04:234][  0]LogHMD: Failed to initialize OpenVR with code 110
[2017.05.24-20.50.04:377][  0]LogStats: UGameplayTagsManager::ConstructGameplayTagTree: Construct from data asset -  0.000 s
[2017.05.24-20.50.04:377][  0]LogStats: UGameplayTagsManager::ConstructGameplayTagTree: GameplayTagTreeChangedEvent.Broadcast -  0.000 s
[2017.05.24-20.50.04:486][  0]LogAIModule: Creating AISystem for world Untitled
[2017.05.24-20.50.04:497][  0]LogInit: XAudio2 using 'Speakers (Realtek High Definition Audio)' : 2 channels at 48 kHz using 32 bits per sample (channel mask 0x3)
[2017.05.24-20.50.04:522][  0]LogInit: FAudioDevice initialized.
[2017.05.24-20.50.04:556][  0]LogDerivedDataCache: Saved boot cache 0.03s 50MB C:/Users/Shahid/AppData/Local/UnrealEngine/4.15/DerivedDataCache/Boot.ddc.
[2017.05.24-20.50.04:569][  0]LogInit: Texture streaming: Enabled
[2017.05.24-20.50.04:650][  0]LogEngineSessionManager: EngineSessionManager initialized
[2017.05.24-20.50.04:719][  0]LogInit: Transaction tracking system initialized
[2017.05.24-20.50.04:966][  0]BlueprintLog: New page: Editor Load
[2017.05.24-20.50.05:570][  0]LocalizationService: Info Localization service is disabled
[2017.05.24-20.50.06:066][  0]LogConsoleResponse:Display: 
[2017.05.24-20.50.06:187][  0]LogCook:Display: Max memory allowance for cook 16384mb min free memory 0mb
[2017.05.24-20.50.06:187][  0]LogCook:Display: Mobile HDR setting 1
[2017.05.24-20.50.06:206][  0]LogFileCache: Scanning file cache for directory 'D:/Users/Acer-PC/Libraries/Documents/GitHub/TimelessOcarina/TimelessOcarina/Content/' took 0.01s
[2017.05.24-20.50.06:935][  0]SourceControl: Info Source control is disabled
[2017.05.24-20.50.06:936][  0]LightingResults: New page: Lighting Build
[2017.05.24-20.50.06:964][  0]MapCheck: New page: Map Check
[2017.05.24-20.50.06:964][  0]LightingResults: New page: Lighting Build
[2017.05.24-20.50.07:363][  0]LogAIModule: Creating AISystem for world ThirdPersonExampleMap
[2017.05.24-20.50.07:387][  0]LogEditorServer: Finished looking for orphan Actors (0.000 secs)
[2017.05.24-20.50.07:388][  0]Cmd: MAP CHECKDEP NOCLEARLOG
[2017.05.24-20.50.07:418][  0]MapCheck: Info Map check complete: 0 Error(s), 0 Warning(s), took 30.436ms to complete.
[2017.05.24-20.50.07:418][  0]LogFileHelpers: Loading map 'ThirdPersonExampleMap' took 0.483
[2017.05.24-20.50.07:631][  0]LogCollectionManager: Loaded 0 collections in 0.001745 seconds
[2017.05.24-20.50.07:695][  0]LogFileCache: Scanning file cache for directory 'D:/Users/Acer-PC/Libraries/Documents/GitHub/TimelessOcarina/TimelessOcarina/Saved/Collections/' took 0.01s
[2017.05.24-20.50.07:695][  0]LogFileCache: Scanning file cache for directory 'D:/Users/Acer-PC/Libraries/Documents/GitHub/TimelessOcarina/TimelessOcarina/Content/Developers/Shahid/Collections/' took 0.01s
[2017.05.24-20.50.07:695][  0]LogFileCache: Scanning file cache for directory 'D:/Users/Acer-PC/Libraries/Documents/GitHub/TimelessOcarina/TimelessOcarina/Content/Collections/' took 0.01s
[2017.05.24-20.50.07:695][  0]LogCollectionManager: Rebuilt the GUID cache for 0 collections in 0.000002 seconds
[2017.05.24-20.50.07:704][  0]LogContentBrowser: Native class hierarchy populated in 0.0088 seconds. Added 2259 classes and 459 folders.
[2017.05.24-20.50.07:750][  0]LogContentBrowser: Native class hierarchy updated for 'WidgetCarousel' in 0.0005 seconds. Added 0 classes and 0 folders.
[2017.05.24-20.50.07:784][  0]LogContentBrowser: Native class hierarchy updated for 'AddContentDialog' in 0.0005 seconds. Added 0 classes and 0 folders.
[2017.05.24-20.50.07:815][  0]LogContentBrowser: Native class hierarchy updated for 'SceneOutliner' in 0.0005 seconds. Added 1 classes and 2 folders.
[2017.05.24-20.50.07:861][  0]LogCrashTracker: Crashtracker disabled due to settings.
[2017.05.24-20.50.07:867][  0]LogUObjectGlobals:Warning: Failed to find object 'Class None.'
[2017.05.24-20.50.07:928][  0]LogContentBrowser: Native class hierarchy updated for 'HierarchicalLODOutliner' in 0.0007 seconds. Added 1 classes and 2 folders.
[2017.05.24-20.50.07:929][  0]LogLoad: (Engine Initialization) Total time: 13.01 seconds
[2017.05.24-20.50.07:929][  0]LogLoad: (Engine Initialization) Total Blueprint compile time: 0.13 seconds
[2017.05.24-20.50.07:929][  0]LogExternalProfiler: No external profilers were discovered.  External profiling features will not be available.
[2017.05.24-20.50.08:268][  0]LogOcInput: OculusInput pre-init called
[2017.05.24-20.50.08:291][  0]LogContentStreaming: Texture pool size now 3000 MB
[2017.05.24-20.50.08:292][  0]LogSlate: Took 0.000239 seconds to synchronously load lazily loaded font '../../../Engine/Content/Slate/Fonts/Roboto-Regular.ttf' (155K)
[2017.05.24-20.50.08:296][  0]LogSlate: Took 0.000168 seconds to synchronously load lazily loaded font '../../../Engine/Content/Slate/Fonts/Roboto-Bold.ttf' (160K)
[2017.05.24-20.50.08:301][  0]LogSlate: Took 0.000308 seconds to synchronously load lazily loaded font '../../../Engine/Content/Editor/Slate/Fonts/FontAwesome.ttf' (139K)
[2017.05.24-20.50.08:427][  0]LogSlate: Took 0.000211 seconds to synchronously load lazily loaded font '../../../Engine/Content/Slate/Fonts/Roboto-Light.ttf' (159K)
[2017.05.24-20.50.08:474][  0]LogRenderer: Reallocating scene render targets to support 760x560 NumSamples 1 (Frame:2).
[2017.05.24-20.50.08:619][  1]LogAssetRegistry: Asset discovery search completed in 7.5955 seconds
[2017.05.24-20.50.08:619][  1]LogCollectionManager: Rebuilt the object cache for 0 collections in 0.000007 seconds (found 0 objects)
[2017.05.24-20.50.08:619][  1]LogCollectionManager: Fixed up redirectors for 0 collections in 0.000029 seconds (updated 0 objects)
[2017.05.24-20.50.53:928][ 12]LogSlate:Warning: Prevented a slow task dialog from being summoned while a context menu was open
[2017.05.24-20.51.33:589][660]LogEditorViewport: Clicking on Actor (LMB): Blueprint_Effect_Explosion_C (Blueprint_Effect_Explosion)
[2017.05.24-20.51.33:960][682]Cmd: DELETE
[2017.05.24-20.51.33:960][682]Cmd: ACTOR DELETE
[2017.05.24-20.51.33:961][682]LogEditorActor: Deleted Actor: Blueprint_Effect_Explosion_C
[2017.05.24-20.51.33:972][682]LogEditorActor: Deleted 1 Actors (0.012 secs)
[2017.05.24-20.51.43:688][165]LogEditorViewport: Clicking on Actor (LMB): BP_Sky_Sphere_C (SkySphereBlueprint)
[2017.05.24-20.51.44:527][208]LogEditorViewport: Clicking on Actor (LMB): BP_Sky_Sphere_C (SkySphereBlueprint)
[2017.05.24-20.51.50:893][491]LogSlate: Took 0.000266 seconds to synchronously load lazily loaded font '../../../Engine/Content/Editor/Slate/Fonts/Roboto-Italic.ttf' (157K)
[2017.05.24-20.52.01:960][112]Cmd: TRANSACTION UNDO
[2017.05.24-20.52.01:960][112]LogEditorTransaction: Undo Create Actors
[2017.05.24-20.52.02:007][112]LogSlate: Took 0.000189 seconds to synchronously load lazily loaded font '../../../Engine/Content/Slate/Fonts/Roboto-Light.ttf' (159K)
[2017.05.24-20.52.06:758][347]LogActorFactory: Actor Factory created SM_Arrows
[2017.05.24-20.52.57:102][894]LogSlate: Took 0.000179 seconds to synchronously load lazily loaded font '../../../Engine/Content/Slate/Fonts/Roboto-Light.ttf' (159K)
[2017.05.24-20.54.03:217][401]LogSavePackage: Save=102.29ms
[2017.05.24-20.54.03:217][401]LogSavePackage: Moving '../../../../../../Users/Acer-PC/Libraries/Documents/GitHub/TimelessOcarina/TimelessOcarina/Saved/ThirdPersonExampleMap9C644083458CD0F9DD48618E85E5AF28.tmp' to '../../../../../../Users/Acer-PC/Libraries/Documents/GitHub/TimelessOcarina/TimelessOcarina/Content/ThirdPersonBP/Maps/ThirdPersonExampleMap.umap'
[2017.05.24-20.54.03:220][401]LogSavePackage:Display: Finished SavePackage ../../../../../../Users/Acer-PC/Libraries/Documents/GitHub/TimelessOcarina/TimelessOcarina/Content/ThirdPersonBP/Maps/ThirdPersonExampleMap.umap
[2017.05.24-20.54.03:441][401]LogSavePackage: Save=180.76ms
[2017.05.24-20.54.03:442][401]LogSavePackage: Moving '../../../../../../Users/Acer-PC/Libraries/Documents/GitHub/TimelessOcarina/TimelessOcarina/Saved/ThirdPersonExampleMap_BuiltData2A61FC564DF9599676F2519A7A99BC01.tmp' to '../../../../../../Users/Acer-PC/Libraries/Documents/GitHub/TimelessOcarina/TimelessOcarina/Content/ThirdPersonBP/Maps/ThirdPersonExampleMap_BuiltData.uasset'
[2017.05.24-20.54.03:525][401]LogSavePackage:Display: Finished SavePackage ../../../../../../Users/Acer-PC/Libraries/Documents/GitHub/TimelessOcarina/TimelessOcarina/Content/ThirdPersonBP/Maps/ThirdPersonExampleMap_BuiltData.uasset
[2017.05.24-20.54.06:027][548]LogWindowsTextInputMethodSystem:Display: IME system now deactivated.
[2017.05.24-20.54.06:241][549]Cmd: QUIT_EDITOR
[2017.05.24-20.54.06:299][549]LogExit: Preparing to exit.
[2017.05.24-20.54.06:745][549]LogDirectoryWatcher: A directory notification for 'D:/Users/Acer-PC/Libraries/Documents/GitHub/TimelessOcarina/TimelessOcarina/Content/' was aborted.
[2017.05.24-20.54.06:761][549]LogExit: Editor shut down
[2017.05.24-20.54.06:761][549]LogExit: Transaction tracking system shut down
[2017.05.24-20.54.06:822][549]LogObj: Freed 0b from 0 cluster array pools.
[2017.05.24-20.54.06:822][549]LogExit: Object subsystem successfully closed.
[2017.05.24-20.54.06:841][549]LogD3D11RHI: Shutdown
[2017.05.24-20.54.06:841][549]LogD3D11RHI: CleanupD3DDevice
[2017.05.24-20.54.06:903][549]LogD3D11RHI: ~FD3D11DynamicRHI
[2017.05.24-20.54.06:911][549]LogModuleManager: Shutting down and abandoning module HierarchicalLODOutliner (502)
[2017.05.24-20.54.06:911][549]LogModuleManager: Shutting down and abandoning module CrashTracker (500)
[2017.05.24-20.54.06:911][549]LogModuleManager: Shutting down and abandoning module SceneOutliner (498)
[2017.05.24-20.54.06:911][549]LogModuleManager: Shutting down and abandoning module AddContentDialog (496)
[2017.05.24-20.54.06:911][549]LogDirectoryWatcher: A directory notification for 'D:/Program FIles (x86)/Epic Games/UE_4.15/FeaturePacks/' was aborted.
[2017.05.24-20.54.06:911][549]LogModuleManager: Shutting down and abandoning module WidgetCarousel (495)
[2017.05.24-20.54.06:911][549]LogModuleManager: Shutting down and abandoning module EditorWidgets (492)
[2017.05.24-20.54.06:911][549]LogModuleManager: Shutting down and abandoning module CollectionManager (490)
[2017.05.24-20.54.06:911][549]LogDirectoryWatcher: A directory notification for 'D:/Users/Acer-PC/Libraries/Documents/GitHub/TimelessOcarina/TimelessOcarina/Content/Collections/' was aborted.
[2017.05.24-20.54.06:912][549]LogDirectoryWatcher: A directory notification for 'D:/Users/Acer-PC/Libraries/Documents/GitHub/TimelessOcarina/TimelessOcarina/Content/Developers/Shahid/Collections/' was aborted.
[2017.05.24-20.54.06:912][549]LogDirectoryWatcher: A directory notification for 'D:/Users/Acer-PC/Libraries/Documents/GitHub/TimelessOcarina/TimelessOcarina/Saved/Collections/' was aborted.
[2017.05.24-20.54.06:912][549]LogModuleManager: Shutting down and abandoning module StatsViewer (488)
[2017.05.24-20.54.06:912][549]LogModuleManager: Shutting down and abandoning module FoliageEdit (486)
[2017.05.24-20.54.06:912][549]LogModuleManager: Shutting down and abandoning module LandscapeEditor (484)
[2017.05.24-20.54.06:912][549]LogModuleManager: Shutting down and abandoning module SceneDepthPickerMode (482)
[2017.05.24-20.54.06:912][549]LogModuleManager: Shutting down and abandoning module ActorPickerMode (480)
[2017.05.24-20.54.06:912][549]LogModuleManager: Shutting down and abandoning module GeometryMode (478)
[2017.05.24-20.54.06:912][549]LogModuleManager: Shutting down and abandoning module TextureAlignMode (476)
[2017.05.24-20.54.06:912][549]LogModuleManager: Shutting down and abandoning module BspMode (474)
[2017.05.24-20.54.06:912][549]LogModuleManager: Shutting down and abandoning module HardwareSurvey (472)
[2017.05.24-20.54.06:912][549]LogModuleManager: Shutting down and abandoning module SequenceRecorderSections (470)
[2017.05.24-20.54.06:912][549]LogModuleManager: Shutting down and abandoning module AutomationWorker (468)
[2017.05.24-20.54.06:912][549]LogModuleManager: Shutting down and abandoning module MatineeToLevelSequence (466)
[2017.05.24-20.54.06:912][549]LogModuleManager: Shutting down and abandoning module LevelSequenceEditor (464)
[2017.05.24-20.54.06:912][549]LogModuleManager: Shutting down and abandoning module PlacementMode (463)
[2017.05.24-20.54.06:912][549]LogModuleManager: Shutting down and abandoning module WmfMediaFactory (460)
[2017.05.24-20.54.06:912][549]LogModuleManager: Shutting down and abandoning module WmfMediaEditor (458)
[2017.05.24-20.54.06:912][549]LogModuleManager: Shutting down and abandoning module MfMediaFactory (456)
[2017.05.24-20.54.06:912][549]LogModuleManager: Shutting down and abandoning module MfMediaEditor (454)
[2017.05.24-20.54.06:912][549]LogModuleManager: Shutting down and abandoning module AvfMediaFactory (452)
[2017.05.24-20.54.06:912][549]LogModuleManager: Shutting down and abandoning module AvfMediaEditor (450)
[2017.05.24-20.54.06:912][549]LogModuleManager: Shutting down and abandoning module AndroidMediaFactory (448)
[2017.05.24-20.54.06:912][549]LogModuleManager: Shutting down and abandoning module Media (447)
[2017.05.24-20.54.06:912][549]LogModuleManager: Shutting down and abandoning module AndroidMediaEditor (444)
[2017.05.24-20.54.06:912][549]LogModuleManager: Shutting down and abandoning module CharacterAI (442)
[2017.05.24-20.54.06:912][549]LogModuleManager: Shutting down and abandoning module AudioCapture (440)
[2017.05.24-20.54.06:912][549]LogModuleManager: Shutting down and abandoning module SequenceRecorder (439)
[2017.05.24-20.54.06:912][549]LogModuleManager: Shutting down and abandoning module SmartSnapping (436)
[2017.05.24-20.54.06:912][549]LogModuleManager: Shutting down and abandoning module SessionServices (434)
[2017.05.24-20.54.06:912][549]LogModuleManager: Shutting down and abandoning module ViewportSnapping (432)
[2017.05.24-20.54.06:912][549]LogModuleManager: Shutting down and abandoning module ViewportInteraction (430)
[2017.05.24-20.54.06:912][549]LogModuleManager: Shutting down and abandoning module LogVisualizer (428)
[2017.05.24-20.54.06:912][549]LogModuleManager: Shutting down and abandoning module IntroTutorials (426)
[2017.05.24-20.54.06:912][549]LogModuleManager: Shutting down and abandoning module GameProjectGeneration (425)
[2017.05.24-20.54.06:912][549]LogModuleManager: Shutting down and abandoning module EditorLiveStreaming (422)
[2017.05.24-20.54.06:912][549]LogModuleManager: Shutting down and abandoning module IOSPlatformEditor (420)
[2017.05.24-20.54.06:912][549]LogModuleManager: Shutting down and abandoning module HTML5PlatformEditor (418)
[2017.05.24-20.54.06:912][549]LogModuleManager: Shutting down and abandoning module AndroidPlatformEditor (416)
[2017.05.24-20.54.06:912][549]LogModuleManager: Shutting down and abandoning module AndroidDeviceDetection (415)
[2017.05.24-20.54.06:941][549]LogModuleManager: Shutting down and abandoning module IOSRuntimeSettings (412)
[2017.05.24-20.54.06:941][549]LogModuleManager: Shutting down and abandoning module AndroidRuntimeSettings (410)
[2017.05.24-20.54.06:941][549]LogModuleManager: Shutting down and abandoning module InputBindingEditor (408)
[2017.05.24-20.54.06:941][549]LogModuleManager: Shutting down and abandoning module NiagaraEditor (406)
[2017.05.24-20.54.06:941][549]LogModuleManager: Shutting down and abandoning module MergeActors (404)
[2017.05.24-20.54.06:941][549]LogModuleManager: Shutting down and abandoning module SizeMap (402)
[2017.05.24-20.54.06:941][549]LogModuleManager: Shutting down and abandoning module TreeMap (400)
[2017.05.24-20.54.06:941][549]LogModuleManager: Shutting down and abandoning module ReferenceViewer (398)
[2017.05.24-20.54.06:941][549]LogModuleManager: Shutting down and abandoning module LocalizationDashboard (396)
[2017.05.24-20.54.06:941][549]LogModuleManager: Shutting down and abandoning module LocalizationService (395)
[2017.05.24-20.54.06:941][549]LogModuleManager: Shutting down and abandoning module HardwareTargeting (392)
[2017.05.24-20.54.06:941][549]LogModuleManager: Shutting down and abandoning module DeviceProfileEditor (390)
[2017.05.24-20.54.06:941][549]LogModuleManager: Shutting down and abandoning module UndoHistory (388)
[2017.05.24-20.54.06:941][549]LogModuleManager: Shutting down and abandoning module UserFeedback (386)
[2017.05.24-20.54.06:941][549]LogModuleManager: Shutting down and abandoning module XmlParser (384)
[2017.05.24-20.54.06:941][549]LogModuleManager: Shutting down and abandoning module Blutility (382)
[2017.05.24-20.54.06:941][549]LogModuleManager: Shutting down and abandoning module ProjectSettingsViewer (380)
[2017.05.24-20.54.06:941][549]LogModuleManager: Shutting down and abandoning module ProjectTargetPlatformEditor (379)
[2017.05.24-20.54.06:941][549]LogModuleManager: Shutting down and abandoning module EditorSettingsViewer (376)
[2017.05.24-20.54.06:941][549]LogModuleManager: Shutting down and abandoning module SettingsEditor (374)
[2017.05.24-20.54.06:941][549]LogModuleManager: Shutting down and abandoning module ProjectLauncher (372)
[2017.05.24-20.54.06:941][549]LogModuleManager: Shutting down and abandoning module SessionFrontend (370)
[2017.05.24-20.54.06:941][549]LogModuleManager: Shutting down and abandoning module ProfilerClient (368)
[2017.05.24-20.54.06:941][549]LogModuleManager: Shutting down and abandoning module DeviceManager (366)
[2017.05.24-20.54.06:941][549]LogModuleManager: Shutting down and abandoning module TargetDeviceServices (365)
[2017.05.24-20.54.06:983][549]LogModuleManager: Shutting down and abandoning module AutomationController (362)
[2017.05.24-20.54.06:983][549]LogModuleManager: Shutting down and abandoning module AutomationWindow (360)
[2017.05.24-20.54.06:983][549]LogModuleManager: Shutting down and abandoning module Layers (358)
[2017.05.24-20.54.06:983][549]LogModuleManager: Shutting down and abandoning module ComponentVisualizers (356)
[2017.05.24-20.54.06:983][549]LogModuleManager: Shutting down and abandoning module DetailCustomizations (354)
[2017.05.24-20.54.06:983][549]LogModuleManager: Shutting down and abandoning module PackagesDialog (352)
[2017.05.24-20.54.06:983][549]LogModuleManager: Shutting down and abandoning module Persona (350)
[2017.05.24-20.54.06:983][549]LogModuleManager: Shutting down and abandoning module AnimGraph (349)
[2017.05.24-20.54.06:983][549]LogModuleManager: Shutting down and abandoning module Kismet (346)
[2017.05.24-20.54.06:984][549]LogModuleManager: Shutting down and abandoning module GraphEditor (344)
[2017.05.24-20.54.06:984][549]LogModuleManager: Shutting down and abandoning module ClassViewer (342)
[2017.05.24-20.54.06:984][549]LogModuleManager: Shutting down and abandoning module Toolbox (340)
[2017.05.24-20.54.06:984][549]LogModuleManager: Shutting down and abandoning module ModuleUI (338)
[2017.05.24-20.54.06:984][549]LogModuleManager: Shutting down and abandoning module MovieSceneTools (336)
[2017.05.24-20.54.06:984][549]LogModuleManager: Shutting down and abandoning module OutputLog (334)
[2017.05.24-20.54.06:984][549]LogModuleManager: Shutting down and abandoning module GammaUI (332)
[2017.05.24-20.54.06:984][549]LogModuleManager: Shutting down and abandoning module Documentation (330)
[2017.05.24-20.54.06:984][549]LogModuleManager: Shutting down and abandoning module Niagara (328)
[2017.05.24-20.54.06:984][549]LogModuleManager: Shutting down and abandoning module StreamingPauseRendering (326)
[2017.05.24-20.54.06:984][549]LogModuleManager: Shutting down and abandoning module AnalyticsET (324)
[2017.05.24-20.54.06:984][549]LogModuleManager: Shutting down and abandoning module PortalServices (322)
[2017.05.24-20.54.06:984][549]LogModuleManager: Shutting down and abandoning module PortalRpc (320)
[2017.05.24-20.54.06:984][549]LogModuleManager: Shutting down and abandoning module MessagingRpc (318)
[2017.05.24-20.54.06:984][549]LogModuleManager: Shutting down and abandoning module AIModule (316)
[2017.05.24-20.54.06:984][549]LogModuleManager: Shutting down and abandoning module GameplayDebugger (315)
[2017.05.24-20.54.06:984][549]LogModuleManager: Shutting down and abandoning module AITestSuite (313)
[2017.05.24-20.54.06:984][549]LogModuleManager: Shutting down and abandoning module ProfilerService (310)
[2017.05.24-20.54.07:017][549]LogModuleManager: Shutting down and abandoning module TaskGraph (308)
[2017.05.24-20.54.07:017][549]LogModuleManager: Shutting down and abandoning module SubstanceEditor (306)
[2017.05.24-20.54.07:017][549]LogModuleManager: Shutting down and abandoning module SteamVRController (304)
[2017.05.24-20.54.07:017][549]LogModuleManager: Shutting down and abandoning module SteamVR (302)
[2017.05.24-20.54.07:017][549]LogModuleManager: Shutting down and abandoning module ProceduralMeshComponentEditor (300)
[2017.05.24-20.54.07:017][549]LogModuleManager: Shutting down and abandoning module ProceduralMeshComponent (298)
[2017.05.24-20.54.07:017][549]LogModuleManager: Shutting down and abandoning module OculusLibrary (296)
[2017.05.24-20.54.07:017][549]LogModuleManager: Shutting down and abandoning module OculusInput (294)
[2017.05.24-20.54.07:017][549]LogModuleManager: Shutting down and abandoning module MobilePatchingUtils (292)
[2017.05.24-20.54.07:017][549]LogModuleManager: Shutting down and abandoning module CustomMeshComponent (290)
[2017.05.24-20.54.07:017][549]LogModuleManager: Shutting down and abandoning module CableComponent (288)
[2017.05.24-20.54.07:017][549]LogModuleManager: Shutting down and abandoning module ArchVisCharacter (286)
[2017.05.24-20.54.07:017][549]LogModuleManager: Shutting down and abandoning module MediaPlayerEditor (282)
[2017.05.24-20.54.07:017][549]LogModuleManager: Shutting down and abandoning module HTML5Networking (280)
[2017.05.24-20.54.07:017][549]LogModuleManager: Shutting down and abandoning module AlembicImporter (278)
[2017.05.24-20.54.07:017][549]LogModuleManager: Shutting down and abandoning module AlembicLibrary (277)
[2017.05.24-20.54.07:017][549]LogModuleManager: Shutting down and abandoning module GeometryCache (276)
[2017.05.24-20.54.07:017][549]LogModuleManager: Shutting down and abandoning module GeometryCacheEd (275)
[2017.05.24-20.54.07:017][549]LogModuleManager: Shutting down and abandoning module SuperSearchEditor (270)
[2017.05.24-20.54.07:017][549]LogModuleManager: Shutting down and abandoning module SuperSearch (269)
[2017.05.24-20.54.07:017][549]LogModuleManager: Shutting down and abandoning module SpeedTreeImporter (266)
[2017.05.24-20.54.07:017][549]LogModuleManager: Shutting down and abandoning module PluginBrowser (264)
[2017.05.24-20.54.07:017][549]LogModuleManager: Shutting down and abandoning module MobileLauncherProfileWizard (262)
[2017.05.24-20.54.07:017][549]LogModuleManager: Shutting down and abandoning module EpicSurvey (260)
[2017.05.24-20.54.07:017][549]LogModuleManager: Shutting down and abandoning module VisualStudioSourceCodeAccess (258)
[2017.05.24-20.54.07:017][549]LogModuleManager: Shutting down and abandoning module DesktopPlatform (257)
[2017.05.24-20.54.07:017][549]LogModuleManager: Shutting down and abandoning module UObjectPlugin (254)
[2017.05.24-20.54.07:017][549]LogModuleManager: Shutting down and abandoning module SubversionSourceControl (252)
[2017.05.24-20.54.07:017][549]LogModuleManager: Shutting down and abandoning module PerforceSourceControl (250)
[2017.05.24-20.54.07:017][549]LogModuleManager: Shutting down and abandoning module GitSourceControl (248)
[2017.05.24-20.54.07:017][549]LogModuleManager: Shutting down and abandoning module SourceControl (247)
[2017.05.24-20.54.07:017][549]LogModuleManager: Shutting down and abandoning module LightPropagationVolumeEditor (244)
[2017.05.24-20.54.07:017][549]LogModuleManager: Shutting down and abandoning module PaperTiledImporter (242)
[2017.05.24-20.54.07:017][549]LogModuleManager: Shutting down and abandoning module PaperSpriteSheetImporter (240)
[2017.05.24-20.54.07:017][549]LogModuleManager: Shutting down and abandoning module Paper2DEditor (238)
[2017.05.24-20.54.07:017][549]LogModuleManager: Shutting down and abandoning module MeshPaint (237)
[2017.05.24-20.54.07:017][549]LogModuleManager: Shutting down and abandoning module LevelEditor (235)
[2017.05.24-20.54.07:018][549]LogModuleManager: Shutting down and abandoning module PixelInspectorModule (234)
[2017.05.24-20.54.07:018][549]LogModuleManager: Shutting down and abandoning module MainFrame (232)
[2017.05.24-20.54.07:018][549]LogModuleManager: Shutting down and abandoning module HotReload (231)
[2017.05.24-20.54.07:019][549]LogModuleManager: Shutting down and abandoning module ContentBrowser (227)
[2017.05.24-20.54.07:021][549]LogModuleManager: Shutting down and abandoning module PhysXVehiclesEditor (224)
[2017.05.24-20.54.07:021][549]LogModuleManager: Shutting down and abandoning module PhysXVehicles (222)
[2017.05.24-20.54.07:022][549]LogModuleManager: Shutting down and abandoning module LocationServicesBPLibrary (220)
[2017.05.24-20.54.07:022][549]LogModuleManager: Shutting down and abandoning module UdpMessaging (218)
[2017.05.24-20.54.07:122][549]LogModuleManager: Shutting down and abandoning module TcpMessaging (216)
[2017.05.24-20.54.07:580][549]LogModuleManager: Shutting down and abandoning module SubstanceCore (214)
[2017.05.24-20.54.07:580][549]LogModuleManager: Shutting down and abandoning module GameplayTagsEditor (212)
[2017.05.24-20.54.07:580][549]LogModuleManager: Shutting down and abandoning module FacialAnimationEditor (210)
[2017.05.24-20.54.07:580][549]LogModuleManager: Shutting down and abandoning module FacialAnimation (208)
[2017.05.24-20.54.07:580][549]LogModuleManager: Shutting down and abandoning module LightPropagationVolumeRuntime (206)
[2017.05.24-20.54.07:580][549]LogModuleManager: Shutting down and abandoning module Paper2D (204)
[2017.05.24-20.54.07:580][549]LogModuleManager: Shutting down and abandoning module WindowsMoviePlayer (202)
[2017.05.24-20.54.07:580][549]LogModuleManager: Shutting down and abandoning module WmfMedia (200)
[2017.05.24-20.54.07:580][549]LogModuleManager: Shutting down and abandoning module MfMedia (198)
[2017.05.24-20.54.07:580][549]LogModuleManager: Shutting down and abandoning module MediaAssets (196)
[2017.05.24-20.54.07:580][549]LogModuleManager: Shutting down and abandoning module GameLiveStreaming (194)
[2017.05.24-20.54.07:580][549]LogModuleManager: Shutting down and abandoning module VREditor (192)
[2017.05.24-20.54.07:580][549]LogModuleManager: Shutting down and abandoning module GameplayTasksEditor (190)
[2017.05.24-20.54.07:580][549]LogModuleManager: Shutting down and abandoning module BehaviorTreeEditor (188)
[2017.05.24-20.54.07:580][549]LogModuleManager: Shutting down and abandoning module FunctionalTesting (186)
[2017.05.24-20.54.07:580][549]LogModuleManager: Shutting down and abandoning module CollisionAnalyzer (184)
[2017.05.24-20.54.07:580][549]LogModuleManager: Shutting down and abandoning module UMG (182)
[2017.05.24-20.54.07:580][549]LogModuleManager: Shutting down and abandoning module UMGEditor (181)
[2017.05.24-20.54.07:581][549]LogModuleManager: Shutting down and abandoning module Sequencer (180)
[2017.05.24-20.54.07:581][549]LogModuleManager: Shutting down and abandoning module AssetTools (178)
[2017.05.24-20.54.07:581][549]LogModuleManager: Shutting down and abandoning module MessageLog (177)
[2017.05.24-20.54.07:581][549]LogModuleManager: Shutting down and abandoning module WorkspaceMenuStructure (176)
[2017.05.24-20.54.07:581][549]LogModuleManager: Shutting down and abandoning module SlateReflector (170)
[2017.05.24-20.54.07:581][549]LogModuleManager: Shutting down and abandoning module Slate (168)
[2017.05.24-20.54.07:581][549]LogModuleManager: Shutting down and abandoning module EditorStyle (166)
[2017.05.24-20.54.07:583][549]LogModuleManager: Shutting down and abandoning module SourceCodeAccess (164)
[2017.05.24-20.54.07:583][549]LogModuleManager: Shutting down and abandoning module HeadMountedDisplay (162)
[2017.05.24-20.54.07:583][549]LogModuleManager: Shutting down and abandoning module XAudio2 (160)
[2017.05.24-20.54.07:583][549]LogModuleManager: Shutting down and abandoning module Networking (158)
[2017.05.24-20.54.07:583][549]LogModuleManager: Shutting down and abandoning module Core (154)
[2017.05.24-20.54.07:583][549]LogModuleManager: Shutting down and abandoning module AssetRegistry (152)
[2017.05.24-20.54.08:082][549]LogDirectoryWatcher: A directory notification for '../../../Engine/Content/' was aborted.
[2017.05.24-20.54.08:082][549]LogDirectoryWatcher: A directory notification for '../../../../../../Users/Acer-PC/Libraries/Documents/GitHub/TimelessOcarina/TimelessOcarina/Content/' was aborted.
[2017.05.24-20.54.08:082][549]LogDirectoryWatcher: A directory notification for '../../../Engine/Plugins/2D/Paper2D/Content/' was aborted.
[2017.05.24-20.54.08:083][549]LogModuleManager: Shutting down and abandoning module DirectoryWatcher (151)
[2017.05.24-20.54.08:083][549]LogModuleManager: Shutting down and abandoning module KismetCompiler (148)
[2017.05.24-20.54.08:083][549]LogModuleManager: Shutting down and abandoning module PhysXFormats (146)
[2017.05.24-20.54.08:083][549]LogModuleManager: Shutting down and abandoning module MeshUtilities (144)
[2017.05.24-20.54.08:083][549]LogModuleManager: Shutting down and abandoning module SimplygonSwarm (143)
[2017.05.24-20.54.08:083][549]LogModuleManager: Shutting down and abandoning module SimplygonMeshReduction (141)
[2017.05.24-20.54.08:083][549]LogModuleManager: Shutting down and abandoning module QuadricMeshReduction (139)
[2017.05.24-20.54.08:083][549]LogModuleManager: Shutting down and abandoning module PropertyEditor (137)
[2017.05.24-20.54.08:083][549]LogModuleManager: Shutting down and abandoning module DerivedDataCache (134)
[2017.05.24-20.54.08:084][549]LogDerivedDataCache: Shutdown
[2017.05.24-20.54.08:084][549]LogModuleManager: Shutting down and abandoning module TargetPlatform (132)
[2017.05.24-20.54.08:084][549]LogModuleManager: Shutting down and abandoning module VulkanShaderFormat (131)
[2017.05.24-20.54.08:084][549]LogModuleManager: Shutting down and abandoning module ShaderFormatOpenGL (129)
[2017.05.24-20.54.08:084][549]LogModuleManager: Shutting down and abandoning module ShaderFormatD3D (127)
[2017.05.24-20.54.08:084][549]LogModuleManager: Shutting down and abandoning module MetalShaderFormat (125)
[2017.05.24-20.54.08:084][549]LogModuleManager: Shutting down and abandoning module TextureFormatUncompressed (123)
[2017.05.24-20.54.08:085][549]LogModuleManager: Shutting down and abandoning module TextureFormatPVR (121)
[2017.05.24-20.54.08:085][549]LogModuleManager: Shutting down and abandoning module TextureFormatDXT (119)
[2017.05.24-20.54.08:085][549]LogModuleManager: Shutting down and abandoning module TextureFormatIntelISPCTexComp (117)
[2017.05.24-20.54.08:085][549]LogModuleManager: Shutting down and abandoning module TextureFormatASTC (115)
[2017.05.24-20.54.08:085][549]LogModuleManager: Shutting down and abandoning module ImageWrapper (114)
[2017.05.24-20.54.08:085][549]LogModuleManager: Shutting down and abandoning module TextureFormatAndroid (111)
[2017.05.24-20.54.08:085][549]LogModuleManager: Shutting down and abandoning module AudioFormatOpus (109)
[2017.05.24-20.54.08:085][549]LogModuleManager: Shutting down and abandoning module AudioFormatOgg (107)
[2017.05.24-20.54.08:085][549]LogModuleManager: Shutting down and abandoning module AudioFormatADPCM (105)
[2017.05.24-20.54.08:085][549]LogModuleManager: Shutting down and abandoning module LinuxTargetPlatform (103)
[2017.05.24-20.54.08:085][549]LogModuleManager: Shutting down and abandoning module LinuxServerTargetPlatform (101)
[2017.05.24-20.54.08:085][549]LogModuleManager: Shutting down and abandoning module LinuxNoEditorTargetPlatform (99)
[2017.05.24-20.54.08:085][549]LogModuleManager: Shutting down and abandoning module LinuxClientTargetPlatform (97)
[2017.05.24-20.54.08:085][549]LogModuleManager: Shutting down and abandoning module TVOSTargetPlatform (95)
[2017.05.24-20.54.08:085][549]LogModuleManager: Shutting down and abandoning module Messaging (93)
[2017.05.24-20.54.08:085][549]LogModuleManager: Shutting down and abandoning module IOSTargetPlatform (91)
[2017.05.24-20.54.08:085][549]LogModuleManager: Shutting down and abandoning module HTML5TargetPlatform (89)
[2017.05.24-20.54.08:085][549]LogModuleManager: Shutting down and abandoning module Android_PVRTCTargetPlatform (87)
[2017.05.24-20.54.08:085][549]LogModuleManager: Shutting down and abandoning module Android_MultiTargetPlatform (85)
[2017.05.24-20.54.08:085][549]LogModuleManager: Shutting down and abandoning module Android_ETC2TargetPlatform (83)
[2017.05.24-20.54.08:085][549]LogModuleManager: Shutting down and abandoning module Android_ETC1TargetPlatform (81)
[2017.05.24-20.54.08:085][549]LogModuleManager: Shutting down and abandoning module Android_DXTTargetPlatform (79)
[2017.05.24-20.54.08:085][549]LogModuleManager: Shutting down and abandoning module Android_ATCTargetPlatform (77)
[2017.05.24-20.54.08:085][549]LogModuleManager: Shutting down and abandoning module Android_ASTCTargetPlatform (75)
[2017.05.24-20.54.08:085][549]LogModuleManager: Shutting down and abandoning module AndroidTargetPlatform (73)
[2017.05.24-20.54.08:085][549]LogModuleManager: Shutting down and abandoning module WindowsTargetPlatform (71)
[2017.05.24-20.54.08:085][549]LogModuleManager: Shutting down and abandoning module WindowsServerTargetPlatform (69)
[2017.05.24-20.54.08:085][549]LogModuleManager: Shutting down and abandoning module WindowsNoEditorTargetPlatform (67)
[2017.05.24-20.54.08:085][549]LogModuleManager: Shutting down and abandoning module WindowsClientTargetPlatform (65)
[2017.05.24-20.54.08:085][549]LogModuleManager: Shutting down and abandoning module MacTargetPlatform (63)
[2017.05.24-20.54.08:085][549]LogModuleManager: Shutting down and abandoning module MacServerTargetPlatform (61)
[2017.05.24-20.54.08:085][549]LogModuleManager: Shutting down and abandoning module MacNoEditorTargetPlatform (59)
[2017.05.24-20.54.08:085][549]LogModuleManager: Shutting down and abandoning module MacClientTargetPlatform (57)
[2017.05.24-20.54.08:085][549]LogModuleManager: Shutting down and abandoning module AllDesktopTargetPlatform (55)
[2017.05.24-20.54.08:085][549]LogModuleManager: Shutting down and abandoning module InputCore (52)
[2017.05.24-20.54.08:085][549]LogModuleManager: Shutting down and abandoning module Settings (50)
[2017.05.24-20.54.08:085][549]LogModuleManager: Shutting down and abandoning module OculusRift (48)
[2017.05.24-20.54.08:085][549]LogModuleManager: Shutting down and abandoning module GearVR (46)
[2017.05.24-20.54.08:085][549]LogModuleManager: Shutting down and abandoning module ExampleDeviceProfileSelector (44)
[2017.05.24-20.54.08:085][549]LogModuleManager: Shutting down and abandoning module OnlineBlueprintSupport (42)
[2017.05.24-20.54.08:085][549]LogModuleManager: Shutting down and abandoning module OnlineSubsystem (38)
[2017.05.24-20.54.08:085][549]LogOnline:Display: Unloading online subsystem: NULL
[2017.05.24-20.54.08:085][549]LogModuleManager: Shutting down and abandoning module XMPP (37)
[2017.05.24-20.54.08:085][549]LogModuleManager: Shutting down and abandoning module HTTP (35)
[2017.05.24-20.54.08:085][549]LogHttp:Display: Http module shutting down, but needs to wait on 1 outstanding Http requests:
[2017.05.24-20.54.08:085][549]LogHttp:Display: 	verb=[POST] url=[https://datarouter.ol.epicgames.com/datarouter/api/v1/public/data?SessionID=%7BAD57EE16-4AE3-9EE8-E539-25B20BAC1389%7D&AppID=UEEditor.Rocket.Release&AppVersion=4.15.3-3450819%2B%2B%2BUE4%2BRelease-4.15&UserID=685d5e5245b60e55f6fb4f96e9d9e3db%7C696722a146af4aa797dfd8a45d6452ab%7C56c7e0d7-4413-4a1d-98af-3da8d7d65910&AppEnvironment=datacollector-binary&UploadType=eteventstream] status=Processing
[2017.05.24-20.54.08:107][549]LogModuleManager: Shutting down and abandoning module SSL (34)
[2017.05.24-20.54.08:109][549]LogModuleManager: Shutting down and abandoning module AudioEditor (30)
[2017.05.24-20.54.08:109][549]LogModuleManager: Shutting down and abandoning module TextureCompressor (28)
[2017.05.24-20.54.08:109][549]LogModuleManager: Shutting down and abandoning module ShaderCore (26)
[2017.05.24-20.54.08:109][549]LogModuleManager: Shutting down and abandoning module Landscape (24)
[2017.05.24-20.54.08:109][549]LogModuleManager: Shutting down and abandoning module SlateRHIRenderer (22)
[2017.05.24-20.54.08:110][549]LogModuleManager: Shutting down and abandoning module OpenGLDrv (20)
[2017.05.24-20.54.08:110][549]LogModuleManager: Shutting down and abandoning module D3D11RHI (18)
[2017.05.24-20.54.08:110][549]LogModuleManager: Shutting down and abandoning module AnimGraphRuntime (16)
[2017.05.24-20.54.08:110][549]LogModuleManager: Shutting down and abandoning module Renderer (14)
[2017.05.24-20.54.08:110][549]LogModuleManager: Shutting down and abandoning module Engine (12)
[2017.05.24-20.54.08:110][549]LogModuleManager: Shutting down and abandoning module CoreUObject (10)
[2017.05.24-20.54.08:110][549]LogModuleManager: Shutting down and abandoning module NetworkFile (8)
[2017.05.24-20.54.08:110][549]LogModuleManager: Shutting down and abandoning module StreamingFile (6)
[2017.05.24-20.54.08:110][549]LogModuleManager: Shutting down and abandoning module SandboxFile (4)
[2017.05.24-20.54.08:110][549]LogModuleManager: Shutting down and abandoning module PakFile (2)
[2017.05.24-20.54.08:111][549]LogExit: Exiting.
[2017.05.24-20.54.08:121][549]Log file closed, 05/24/17 15:54:08
